<?xml version="1.0" encoding="UTF-8"?>
<!-- Generated by org.testng.reporters.JUnitXMLReporter -->
<testsuite ignored="0" hostname="HP" failures="0" tests="4" name="Test" time="0.109" errors="0" timestamp="2022-08-08T10:39:44 IST">
  <testcase classname="scripts.Test3" name="tc4" time="0.014"/>
  <testcase classname="scripts.Test2" name="tc3" time="0.002"/>
  <testcase classname="scripts.Test1" name="tc2" time="0.003"/>
  <testcase classname="scripts.Test0" name="tc1" time="0.005"/>
</testsuite> <!-- Test -->
