<?xml version="1.0" encoding="UTF-8"?>
<testng-results ignored="0" total="4" passed="4" failed="0" skipped="0">
  <reporter-output>
    <line>
      <![CDATA[Hello API...]]>
    </line>
    <line>
      <![CDATA[Hii Python]]>
    </line>
    <line>
      <![CDATA[Hello Selenium]]>
    </line>
    <line>
      <![CDATA[Hello Java]]>
    </line>
  </reporter-output>
  <suite started-at="2022-08-08T10:39:43 IST" name="Suite" finished-at="2022-08-08T10:39:43 IST" duration-ms="109">
    <groups>
    </groups>
    <test started-at="2022-08-08T10:39:43 IST" name="Test" finished-at="2022-08-08T10:39:43 IST" duration-ms="109">
      <class name="scripts.Test1">
        <test-method signature="tc2()[pri:0, instance:scripts.Test1@57af006c]" started-at="2022-08-08T10:39:43 IST" name="tc2" finished-at="2022-08-08T10:39:43 IST" duration-ms="3" status="PASS">
          <reporter-output>
            <line>
              <![CDATA[Hello Selenium]]>
            </line>
          </reporter-output>
        </test-method> <!-- tc2 -->
      </class> <!-- scripts.Test1 -->
      <class name="scripts.Test0">
        <test-method signature="tc1()[pri:0, instance:scripts.Test0@6bedbc4d]" started-at="2022-08-08T10:39:43 IST" name="tc1" finished-at="2022-08-08T10:39:43 IST" duration-ms="5" status="PASS">
          <reporter-output>
            <line>
              <![CDATA[Hello Java]]>
            </line>
          </reporter-output>
        </test-method> <!-- tc1 -->
      </class> <!-- scripts.Test0 -->
      <class name="scripts.Test3">
        <test-method signature="tc4()[pri:0, instance:scripts.Test3@51dcb805]" started-at="2022-08-08T10:39:43 IST" name="tc4" finished-at="2022-08-08T10:39:43 IST" duration-ms="14" status="PASS">
          <reporter-output>
            <line>
              <![CDATA[Hello API...]]>
            </line>
          </reporter-output>
        </test-method> <!-- tc4 -->
      </class> <!-- scripts.Test3 -->
      <class name="scripts.Test2">
        <test-method signature="tc3()[pri:0, instance:scripts.Test2@20f5239f]" started-at="2022-08-08T10:39:43 IST" name="tc3" finished-at="2022-08-08T10:39:43 IST" duration-ms="2" status="PASS">
          <reporter-output>
            <line>
              <![CDATA[Hii Python]]>
            </line>
          </reporter-output>
        </test-method> <!-- tc3 -->
      </class> <!-- scripts.Test2 -->
    </test> <!-- Test -->
  </suite> <!-- Suite -->
</testng-results>
